<?xml version="1.0" encoding="UTF-8"?>
<!-- Generated by org.testng.reporters.JUnitReportReporter -->
<testsuite hostname="Chinha" failures="0" tests="1" name="eComProject.EBay" time="10.375" errors="0" timestamp="2023-08-03T20:39:56 IST" skipped="0">
  <testcase classname="eComProject.EBay" name="eBayTest" time="10.375"/>
  <system-out>
    <![CDATA[opening eBay]]>
  </system-out>
</testsuite> <!-- eComProject.EBay -->
