<?xml version="1.0" encoding="UTF-8"?>
<!-- Generated by org.testng.reporters.JUnitReportReporter -->
<testsuite hostname="Chinha" failures="0" tests="1" name="eComProject.EBay" time="8.811" errors="0" timestamp="2023-08-02T20:27:44 IST" skipped="0">
  <testcase classname="eComProject.EBay" name="f" time="8.811"/>
  <system-out>
    <![CDATA[opening eBay]]>
  </system-out>
</testsuite> <!-- eComProject.EBay -->
