<?xml version="1.0" encoding="UTF-8"?>
<!-- Generated by org.testng.reporters.JUnitReportReporter -->
<testsuite hostname="Chinha" failures="0" tests="1" name="eComProject.Amazon" time="9.572" errors="0" timestamp="2023-08-03T17:00:26 IST" skipped="0">
  <testcase classname="eComProject.Amazon" name="f" time="9.572"/>
  <system-out>
    <![CDATA[opening Amazon]]>
  </system-out>
</testsuite> <!-- eComProject.Amazon -->
