<?xml version="1.0" encoding="UTF-8"?>
<!-- Generated by org.testng.reporters.JUnitReportReporter -->
<testsuite hostname="Chinha" failures="0" tests="1" name="eComProject.OpenCart" time="16.021" errors="0" timestamp="2023-07-31T16:11:02 IST" skipped="0">
  <testcase classname="eComProject.OpenCart" name="openCart" time="16.021"/>
  <system-out>
    <![CDATA[Opening openCart]]>
  </system-out>
</testsuite> <!-- eComProject.OpenCart -->
