<?xml version="1.0" encoding="UTF-8"?>
<!-- Generated by org.testng.reporters.JUnitReportReporter -->
<testsuite hostname="Chinha" failures="0" tests="1" name="eComProject.EBay" time="10.976" errors="0" timestamp="2023-08-03T17:00:26 IST" skipped="0">
  <testcase classname="eComProject.EBay" name="f" time="10.976"/>
  <system-out>
    <![CDATA[opening eBay]]>
  </system-out>
</testsuite> <!-- eComProject.EBay -->
