<?xml version="1.0" encoding="UTF-8"?>
<!-- Generated by org.testng.reporters.JUnitReportReporter -->
<testsuite hostname="Chinha" failures="0" tests="1" name="eComProject.OpenCart" time="9.845" errors="0" timestamp="2023-08-04T16:05:57 IST" skipped="0">
  <testcase classname="eComProject.OpenCart" name="openCart" time="9.845"/>
  <system-out>
    <![CDATA[Opening openCart]]>
  </system-out>
</testsuite> <!-- eComProject.OpenCart -->
