<?xml version="1.0" encoding="UTF-8"?>
<!-- Generated by org.testng.reporters.JUnitReportReporter -->
<testsuite hostname="Chinha" failures="0" tests="1" name="eComProject.Meesho" time="10.149" errors="0" timestamp="2023-08-04T16:05:57 IST" skipped="0">
  <testcase classname="eComProject.Meesho" name="meeshoTest" time="10.149"/>
  <system-out>
    <![CDATA[Opening Meesho]]>
  </system-out>
</testsuite> <!-- eComProject.Meesho -->
