<?xml version="1.0" encoding="UTF-8"?>
<!-- Generated by org.testng.reporters.JUnitReportReporter -->
<testsuite hostname="Chinha" failures="0" tests="1" name="eComProject.Meesho" time="9.620" errors="0" timestamp="2023-08-03T17:21:32 IST" skipped="0">
  <testcase classname="eComProject.Meesho" name="meeshoTest" time="9.620"/>
  <system-out>
    <![CDATA[Opening Meesho]]>
  </system-out>
</testsuite> <!-- eComProject.Meesho -->
