<?xml version="1.0" encoding="UTF-8"?>
<!-- Generated by org.testng.reporters.JUnitReportReporter -->
<testsuite hostname="Chinha" failures="0" tests="1" name="eComProject.Zoho" time="12.857" errors="0" timestamp="2023-08-04T16:05:57 IST" skipped="0">
  <testcase classname="eComProject.Zoho" name="zohoTest" time="12.857"/>
  <system-out>
    <![CDATA[opening Zoho]]>
  </system-out>
</testsuite> <!-- eComProject.Zoho -->
