<?xml version="1.0" encoding="UTF-8"?>
<!-- Generated by org.testng.reporters.JUnitReportReporter -->
<testsuite hostname="Chinha" failures="0" tests="1" name="eComProject.Amazon" time="10.669" errors="0" timestamp="2023-08-04T16:05:57 IST" skipped="0">
  <testcase classname="eComProject.Amazon" name="amazonTest" time="10.669"/>
  <system-out>
    <![CDATA[opening Amazon]]>
  </system-out>
</testsuite> <!-- eComProject.Amazon -->
