<?xml version="1.0" encoding="UTF-8"?>
<!-- Generated by org.testng.reporters.JUnitReportReporter -->
<testsuite hostname="Chinha" failures="0" tests="1" name="eComProject.OpenCart" time="10.425" errors="0" timestamp="2023-08-03T17:00:26 IST" skipped="0">
  <testcase classname="eComProject.OpenCart" name="openCart" time="10.425"/>
  <system-out>
    <![CDATA[Opening openCart]]>
  </system-out>
</testsuite> <!-- eComProject.OpenCart -->
